[INFO ] 2023-09-09 14:39:15.515 [main] Loggerload - Loading Config file
[INFO ] 2023-09-09 14:39:15.518 [main] Loggerload - Get property BrowserType
[INFO ] 2023-09-09 14:39:15.518 [main] Loggerload - Initializing driver for : chrome
[INFO ] 2023-09-09 14:39:15.570 [main] Loggerload - ===============================================================================================
[INFO ] 2023-09-09 14:39:15.570 [main] Loggerload - [] : Validate navigation links from student page
[INFO ] 2023-09-09 14:39:15.570 [main] Loggerload - -----------------------------------------------------------------------------------------------
[INFO ] 2023-09-09 14:39:18.379 [main] Loggerload - ===============================================================================================
[INFO ] 2023-09-09 14:39:18.379 [main] Loggerload - [] : Validate navigation links from student page
[INFO ] 2023-09-09 14:39:18.379 [main] Loggerload - -----------------------------------------------------------------------------------------------
[INFO ] 2023-09-09 14:39:19.205 [main] Loggerload - ===============================================================================================
[INFO ] 2023-09-09 14:39:19.206 [main] Loggerload - [] : Validate navigation links from student page
[INFO ] 2023-09-09 14:39:19.206 [main] Loggerload - -----------------------------------------------------------------------------------------------
[INFO ] 2023-09-09 14:39:20.037 [main] Loggerload - ===============================================================================================
[INFO ] 2023-09-09 14:39:20.038 [main] Loggerload - [] : Validate navigation links from student page
[INFO ] 2023-09-09 14:39:20.038 [main] Loggerload - -----------------------------------------------------------------------------------------------
[INFO ] 2023-09-09 14:39:20.866 [main] Loggerload - ===============================================================================================
[INFO ] 2023-09-09 14:39:20.866 [main] Loggerload - [] : Validate navigation links from student page
[INFO ] 2023-09-09 14:39:20.866 [main] Loggerload - -----------------------------------------------------------------------------------------------
[INFO ] 2023-09-09 14:39:21.686 [main] Loggerload - ===============================================================================================
[INFO ] 2023-09-09 14:39:21.686 [main] Loggerload - [] : Validate navigation links from student page
[INFO ] 2023-09-09 14:39:21.686 [main] Loggerload - -----------------------------------------------------------------------------------------------
[INFO ] 2023-09-09 14:39:22.516 [main] Loggerload - ===============================================================================================
[INFO ] 2023-09-09 14:39:22.516 [main] Loggerload - [] : Validate navigation links from student page
[INFO ] 2023-09-09 14:39:22.516 [main] Loggerload - -----------------------------------------------------------------------------------------------
[INFO ] 2023-09-09 14:39:23.389 [main] Loggerload - Closing Driver
[INFO ] 2023-09-09 15:57:33.482 [main] Loggerload - Loading Config file
[INFO ] 2023-09-09 15:57:33.485 [main] Loggerload - Get property BrowserType
[INFO ] 2023-09-09 15:57:33.486 [main] Loggerload - Initializing driver for : chrome
[INFO ] 2023-09-09 15:57:33.567 [main] Loggerload - ===============================================================================================
[INFO ] 2023-09-09 15:57:33.567 [main] Loggerload - [@01class_module_page, @class_test_01] : Verify landing on the class page
[INFO ] 2023-09-09 15:57:33.567 [main] Loggerload - -----------------------------------------------------------------------------------------------
[INFO ] 2023-09-09 15:57:35.536 [main] Loggerload - ===============================================================================================
[INFO ] 2023-09-09 15:57:35.536 [main] Loggerload - [@01class_module_page, @class_test_02] : Capture navigation response time to the manage class page
[INFO ] 2023-09-09 15:57:35.536 [main] Loggerload - -----------------------------------------------------------------------------------------------
[INFO ] 2023-09-09 15:57:36.378 [main] Loggerload - ===============================================================================================
[INFO ] 2023-09-09 15:57:36.378 [main] Loggerload - [@01class_module_page, @class_test_03] : Verify the Manage Class Page header
[INFO ] 2023-09-09 15:57:36.379 [main] Loggerload - -----------------------------------------------------------------------------------------------
[INFO ] 2023-09-09 15:57:37.258 [main] Loggerload - ===============================================================================================
[INFO ] 2023-09-09 15:57:37.258 [main] Loggerload - [@01class_module_page, @class_test_04] : Validate text content on the manage class page
[INFO ] 2023-09-09 15:57:37.258 [main] Loggerload - -----------------------------------------------------------------------------------------------
[INFO ] 2023-09-09 15:57:38.092 [main] Loggerload - ===============================================================================================
[INFO ] 2023-09-09 15:57:38.092 [main] Loggerload - [@01class_module_page, @class_test_05] : Verify the state of the delete icon below the header
[INFO ] 2023-09-09 15:57:38.093 [main] Loggerload - -----------------------------------------------------------------------------------------------
[INFO ] 2023-09-09 15:57:38.913 [main] Loggerload - ===============================================================================================
[INFO ] 2023-09-09 15:57:38.913 [main] Loggerload - [@01class_module_page, @class_test_06] : Check search bar presence on the class page
[INFO ] 2023-09-09 15:57:38.913 [main] Loggerload - -----------------------------------------------------------------------------------------------
[INFO ] 2023-09-09 15:57:39.799 [main] Loggerload - ===============================================================================================
[INFO ] 2023-09-09 15:57:39.800 [main] Loggerload - [@01class_module_page, @class_test_07] : Check the "Add New Class" button presence
[INFO ] 2023-09-09 15:57:39.800 [main] Loggerload - -----------------------------------------------------------------------------------------------
[INFO ] 2023-09-09 15:57:40.611 [main] Loggerload - ===============================================================================================
[INFO ] 2023-09-09 15:57:40.612 [main] Loggerload - [@01class_module_page, @class_test_08] : Validate data table column headers on the class page
[INFO ] 2023-09-09 15:57:40.612 [main] Loggerload - -----------------------------------------------------------------------------------------------
[INFO ] 2023-09-09 15:57:41.493 [main] Loggerload - ===============================================================================================
[INFO ] 2023-09-09 15:57:41.495 [main] Loggerload - [@01class_module_page, @class_test_09] : Verify the Edit icon's presence in the data table when data exists
[INFO ] 2023-09-09 15:57:41.495 [main] Loggerload - -----------------------------------------------------------------------------------------------
[INFO ] 2023-09-09 15:57:42.315 [main] Loggerload - ===============================================================================================
[INFO ] 2023-09-09 15:57:42.315 [main] Loggerload - [@01class_module_page, @class_test_10] : Verify the Edit icon's absence when the data table is empty
[INFO ] 2023-09-09 15:57:42.315 [main] Loggerload - -----------------------------------------------------------------------------------------------
[INFO ] 2023-09-09 15:57:43.079 [main] Loggerload - ===============================================================================================
[INFO ] 2023-09-09 15:57:43.079 [main] Loggerload - [@01class_module_page, @class_test_11] : Verify the Delete icon's presence in the data table when data exists
[INFO ] 2023-09-09 15:57:43.079 [main] Loggerload - -----------------------------------------------------------------------------------------------
[INFO ] 2023-09-09 15:57:43.895 [main] Loggerload - ===============================================================================================
[INFO ] 2023-09-09 15:57:43.895 [main] Loggerload - [@01class_module_page, @class_test_12] : Verify the Delete icon's absence when the data table is empty
[INFO ] 2023-09-09 15:57:43.895 [main] Loggerload - -----------------------------------------------------------------------------------------------
[INFO ] 2023-09-09 15:57:44.716 [main] Loggerload - ===============================================================================================
[INFO ] 2023-09-09 15:57:44.716 [main] Loggerload - [@01class_module_page, @class_test_13] : Validate the sort icon's presence near data table column headers
[INFO ] 2023-09-09 15:57:44.716 [main] Loggerload - -----------------------------------------------------------------------------------------------
[INFO ] 2023-09-09 15:57:45.582 [main] Loggerload - ===============================================================================================
[INFO ] 2023-09-09 15:57:45.583 [main] Loggerload - [@01class_module_page, @class_test_14] : Verify checkboxes in the data table rows
[INFO ] 2023-09-09 15:57:45.583 [main] Loggerload - -----------------------------------------------------------------------------------------------
[INFO ] 2023-09-09 15:57:46.404 [main] Loggerload - ===============================================================================================
[INFO ] 2023-09-09 15:57:46.404 [main] Loggerload - [@01class_module_page, @class_test_15] : Validate the display of entry numbers on the class page
[INFO ] 2023-09-09 15:57:46.404 [main] Loggerload - -----------------------------------------------------------------------------------------------
[INFO ] 2023-09-09 15:57:47.221 [main] Loggerload - ===============================================================================================
[INFO ] 2023-09-09 15:57:47.221 [main] Loggerload - [@01class_module_page, @class_test_16] : Check the presence of pagination controls
[INFO ] 2023-09-09 15:57:47.221 [main] Loggerload - -----------------------------------------------------------------------------------------------
[INFO ] 2023-09-09 15:57:48.090 [main] Loggerload - ===============================================================================================
[INFO ] 2023-09-09 15:57:48.091 [main] Loggerload - [@01class_module_page, @class_test_17] : Validate the footer text indicating total class count
[INFO ] 2023-09-09 15:57:48.091 [main] Loggerload - -----------------------------------------------------------------------------------------------
[INFO ] 2023-09-09 15:57:48.915 [main] Loggerload - Closing Driver
[INFO ] 2023-09-09 17:32:10.615 [main] Loggerload - Loading Config file
[INFO ] 2023-09-09 17:32:10.618 [main] Loggerload - Get property BrowserType
[INFO ] 2023-09-09 17:32:10.618 [main] Loggerload - Initializing driver for : chrome
[INFO ] 2023-09-09 17:32:10.676 [main] Loggerload - ===============================================================================================
[INFO ] 2023-09-09 17:32:10.676 [main] Loggerload - [] : Verify after login admin lands on manage program as dashboard page
[INFO ] 2023-09-09 17:32:10.676 [main] Loggerload - -----------------------------------------------------------------------------------------------
[INFO ] 2023-09-09 17:32:12.384 [main] Loggerload - ===============================================================================================
[INFO ] 2023-09-09 17:32:12.384 [main] Loggerload - [] : Verify the response time
[INFO ] 2023-09-09 17:32:12.384 [main] Loggerload - -----------------------------------------------------------------------------------------------
[INFO ] 2023-09-09 17:32:13.267 [main] Loggerload - ===============================================================================================
[INFO ] 2023-09-09 17:32:13.267 [main] Loggerload - [] : Verify broken link
[INFO ] 2023-09-09 17:32:13.267 [main] Loggerload - -----------------------------------------------------------------------------------------------
[INFO ] 2023-09-09 17:32:14.149 [main] Loggerload - ===============================================================================================
[INFO ] 2023-09-09 17:32:14.150 [main] Loggerload - [] : Verify LMS title
[INFO ] 2023-09-09 17:32:14.150 [main] Loggerload - -----------------------------------------------------------------------------------------------
[INFO ] 2023-09-09 17:32:14.977 [main] Loggerload - ===============================================================================================
[INFO ] 2023-09-09 17:32:14.978 [main] Loggerload - [] : Verify LMS title alignment
[INFO ] 2023-09-09 17:32:14.978 [main] Loggerload - -----------------------------------------------------------------------------------------------
[INFO ] 2023-09-09 17:32:15.985 [main] Loggerload - ===============================================================================================
[INFO ] 2023-09-09 17:32:15.985 [main] Loggerload - [] : Validate navigation bar text
[INFO ] 2023-09-09 17:32:15.985 [main] Loggerload - -----------------------------------------------------------------------------------------------
[INFO ] 2023-09-09 17:32:16.878 [main] Loggerload - ===============================================================================================
[INFO ] 2023-09-09 17:32:16.879 [main] Loggerload - [] : Validate LMS title has correct spelling and space
[INFO ] 2023-09-09 17:32:16.879 [main] Loggerload - -----------------------------------------------------------------------------------------------
[INFO ] 2023-09-09 17:32:17.704 [main] Loggerload - ===============================================================================================
[INFO ] 2023-09-09 17:32:17.704 [main] Loggerload - [] : Validate alignment for navigation bar
[INFO ] 2023-09-09 17:32:17.704 [main] Loggerload - -----------------------------------------------------------------------------------------------
[INFO ] 2023-09-09 17:32:18.549 [main] Loggerload - ===============================================================================================
[INFO ] 2023-09-09 17:32:18.549 [main] Loggerload - [] : Validate navigation bar order
[INFO ] 2023-09-09 17:32:18.549 [main] Loggerload - -----------------------------------------------------------------------------------------------
[INFO ] 2023-09-09 17:32:19.360 [main] Loggerload - ===============================================================================================
[INFO ] 2023-09-09 17:32:19.360 [main] Loggerload - [] : Validate navigation bar order
[INFO ] 2023-09-09 17:32:19.360 [main] Loggerload - -----------------------------------------------------------------------------------------------
[INFO ] 2023-09-09 17:32:20.124 [main] Loggerload - ===============================================================================================
[INFO ] 2023-09-09 17:32:20.124 [main] Loggerload - [] : Validate navigation bar order
[INFO ] 2023-09-09 17:32:20.124 [main] Loggerload - -----------------------------------------------------------------------------------------------
[INFO ] 2023-09-09 17:32:20.952 [main] Loggerload - ===============================================================================================
[INFO ] 2023-09-09 17:32:20.952 [main] Loggerload - [] : Validate navigation bar order
[INFO ] 2023-09-09 17:32:20.952 [main] Loggerload - -----------------------------------------------------------------------------------------------
[INFO ] 2023-09-09 17:32:21.704 [main] Loggerload - ===============================================================================================
[INFO ] 2023-09-09 17:32:21.704 [main] Loggerload - [] : Validate navigation bar order
[INFO ] 2023-09-09 17:32:21.704 [main] Loggerload - -----------------------------------------------------------------------------------------------
[INFO ] 2023-09-09 17:32:22.456 [main] Loggerload - ===============================================================================================
[INFO ] 2023-09-09 17:32:22.456 [main] Loggerload - [] : Validate navigation bar order
[INFO ] 2023-09-09 17:32:22.456 [main] Loggerload - -----------------------------------------------------------------------------------------------
[INFO ] 2023-09-09 17:32:23.209 [main] Loggerload - ===============================================================================================
[INFO ] 2023-09-09 17:32:23.209 [main] Loggerload - [] : Validate navigation bar order
[INFO ] 2023-09-09 17:32:23.209 [main] Loggerload - -----------------------------------------------------------------------------------------------
[INFO ] 2023-09-09 17:32:24.023 [main] Loggerload - ===============================================================================================
[INFO ] 2023-09-09 17:32:24.023 [main] Loggerload - [] : Validate navigation bar order
[INFO ] 2023-09-09 17:32:24.024 [main] Loggerload - -----------------------------------------------------------------------------------------------
[INFO ] 2023-09-09 17:32:24.849 [main] Loggerload - ===============================================================================================
[INFO ] 2023-09-09 17:32:24.850 [main] Loggerload - [] : Verify Admin remains on login page after login
[INFO ] 2023-09-09 17:32:24.850 [main] Loggerload - -----------------------------------------------------------------------------------------------
[INFO ] 2023-09-09 17:32:25.604 [main] Loggerload - Closing Driver
[INFO ] 2023-09-09 21:52:00.918 [main] Loggerload - Loading Config file
[INFO ] 2023-09-09 21:52:00.923 [main] Loggerload - Get property BrowserType
[INFO ] 2023-09-09 21:52:00.923 [main] Loggerload - Initializing driver for : chrome
[INFO ] 2023-09-09 21:52:01.013 [main] Loggerload - ===============================================================================================
[INFO ] 2023-09-09 21:52:01.013 [main] Loggerload - [] : Verify after login admin lands on manage program as dashboard page
[INFO ] 2023-09-09 21:52:01.013 [main] Loggerload - -----------------------------------------------------------------------------------------------
[INFO ] 2023-09-09 21:52:03.507 [main] Loggerload - ===============================================================================================
[INFO ] 2023-09-09 21:52:03.508 [main] Loggerload - [] : Verify the response time
[INFO ] 2023-09-09 21:52:03.508 [main] Loggerload - -----------------------------------------------------------------------------------------------
[INFO ] 2023-09-09 21:52:04.471 [main] Loggerload - ===============================================================================================
[INFO ] 2023-09-09 21:52:04.471 [main] Loggerload - [] : Verify broken link
[INFO ] 2023-09-09 21:52:04.471 [main] Loggerload - -----------------------------------------------------------------------------------------------
[INFO ] 2023-09-09 21:52:05.481 [main] Loggerload - ===============================================================================================
[INFO ] 2023-09-09 21:52:05.481 [main] Loggerload - [] : Verify LMS title
[INFO ] 2023-09-09 21:52:05.481 [main] Loggerload - -----------------------------------------------------------------------------------------------
[INFO ] 2023-09-09 21:52:06.402 [main] Loggerload - ===============================================================================================
[INFO ] 2023-09-09 21:52:06.402 [main] Loggerload - [] : Verify LMS title alignment
[INFO ] 2023-09-09 21:52:06.402 [main] Loggerload - -----------------------------------------------------------------------------------------------
[INFO ] 2023-09-09 21:52:07.291 [main] Loggerload - ===============================================================================================
[INFO ] 2023-09-09 21:52:07.292 [main] Loggerload - [] : Validate navigation bar text
[INFO ] 2023-09-09 21:52:07.292 [main] Loggerload - -----------------------------------------------------------------------------------------------
[INFO ] 2023-09-09 21:52:08.244 [main] Loggerload - ===============================================================================================
[INFO ] 2023-09-09 21:52:08.244 [main] Loggerload - [] : Validate LMS title has correct spelling and space
[INFO ] 2023-09-09 21:52:08.244 [main] Loggerload - -----------------------------------------------------------------------------------------------
[INFO ] 2023-09-09 21:52:09.191 [main] Loggerload - ===============================================================================================
[INFO ] 2023-09-09 21:52:09.192 [main] Loggerload - [] : Validate alignment for navigation bar
[INFO ] 2023-09-09 21:52:09.192 [main] Loggerload - -----------------------------------------------------------------------------------------------
[INFO ] 2023-09-09 21:52:10.139 [main] Loggerload - ===============================================================================================
[INFO ] 2023-09-09 21:52:10.139 [main] Loggerload - [] : Validate navigation bar order
[INFO ] 2023-09-09 21:52:10.139 [main] Loggerload - -----------------------------------------------------------------------------------------------
[INFO ] 2023-09-09 21:52:11.142 [main] Loggerload - ===============================================================================================
[INFO ] 2023-09-09 21:52:11.143 [main] Loggerload - [] : Validate navigation bar order
[INFO ] 2023-09-09 21:52:11.144 [main] Loggerload - -----------------------------------------------------------------------------------------------
[INFO ] 2023-09-09 21:52:12.224 [main] Loggerload - ===============================================================================================
[INFO ] 2023-09-09 21:52:12.226 [main] Loggerload - [] : Validate navigation bar order
[INFO ] 2023-09-09 21:52:12.226 [main] Loggerload - -----------------------------------------------------------------------------------------------
[INFO ] 2023-09-09 21:52:13.180 [main] Loggerload - ===============================================================================================
[INFO ] 2023-09-09 21:52:13.181 [main] Loggerload - [] : Validate navigation bar order
[INFO ] 2023-09-09 21:52:13.181 [main] Loggerload - -----------------------------------------------------------------------------------------------
[INFO ] 2023-09-09 21:52:14.127 [main] Loggerload - ===============================================================================================
[INFO ] 2023-09-09 21:52:14.127 [main] Loggerload - [] : Validate navigation bar order
[INFO ] 2023-09-09 21:52:14.127 [main] Loggerload - -----------------------------------------------------------------------------------------------
[INFO ] 2023-09-09 21:52:15.011 [main] Loggerload - ===============================================================================================
[INFO ] 2023-09-09 21:52:15.011 [main] Loggerload - [] : Validate navigation bar order
[INFO ] 2023-09-09 21:52:15.012 [main] Loggerload - -----------------------------------------------------------------------------------------------
[INFO ] 2023-09-09 21:52:15.953 [main] Loggerload - ===============================================================================================
[INFO ] 2023-09-09 21:52:15.953 [main] Loggerload - [] : Validate navigation bar order
[INFO ] 2023-09-09 21:52:15.953 [main] Loggerload - -----------------------------------------------------------------------------------------------
[INFO ] 2023-09-09 21:52:16.905 [main] Loggerload - ===============================================================================================
[INFO ] 2023-09-09 21:52:16.905 [main] Loggerload - [] : Validate navigation bar order
[INFO ] 2023-09-09 21:52:16.905 [main] Loggerload - -----------------------------------------------------------------------------------------------
[INFO ] 2023-09-09 21:52:17.795 [main] Loggerload - Closing Driver
[INFO ] 2023-09-10 13:22:30.859 [main] Loggerload - Loading Config file
[INFO ] 2023-09-10 13:22:30.862 [main] Loggerload - Get property BrowserType
[INFO ] 2023-09-10 13:22:30.863 [main] Loggerload - Initializing driver for : chrome
[INFO ] 2023-09-10 13:22:30.930 [main] Loggerload - ===============================================================================================
[INFO ] 2023-09-10 13:22:30.931 [main] Loggerload - [] : Verify Logout button function
[INFO ] 2023-09-10 13:22:30.931 [main] Loggerload - -----------------------------------------------------------------------------------------------
[INFO ] 2023-09-10 13:22:32.691 [main] Loggerload - Closing Driver
[INFO ] 2023-09-10 13:22:57.492 [main] Loggerload - Loading Config file
[INFO ] 2023-09-10 13:22:57.494 [main] Loggerload - Get property BrowserType
[INFO ] 2023-09-10 13:22:57.494 [main] Loggerload - Initializing driver for : chrome
[INFO ] 2023-09-10 13:22:57.559 [main] Loggerload - ===============================================================================================
[INFO ] 2023-09-10 13:22:57.559 [main] Loggerload - [] : Verify Logout button function
[INFO ] 2023-09-10 13:22:57.559 [main] Loggerload - -----------------------------------------------------------------------------------------------
[INFO ] 2023-09-10 13:22:58.839 [main] Loggerload - Closing Driver
[INFO ] 2023-09-10 13:24:39.294 [main] Loggerload - Loading Config file
[INFO ] 2023-09-10 13:24:39.298 [main] Loggerload - Get property BrowserType
[INFO ] 2023-09-10 13:24:39.298 [main] Loggerload - Initializing driver for : chrome
[INFO ] 2023-09-10 13:24:39.370 [main] Loggerload - ===============================================================================================
[INFO ] 2023-09-10 13:24:39.370 [main] Loggerload - [] : Validate navigation links from student page
[INFO ] 2023-09-10 13:24:39.370 [main] Loggerload - -----------------------------------------------------------------------------------------------
[INFO ] 2023-09-10 13:24:40.594 [main] Loggerload - ===============================================================================================
[INFO ] 2023-09-10 13:24:40.595 [main] Loggerload - [] : Validate navigation links from student page
[INFO ] 2023-09-10 13:24:40.595 [main] Loggerload - -----------------------------------------------------------------------------------------------
[INFO ] 2023-09-10 13:24:41.421 [main] Loggerload - ===============================================================================================
[INFO ] 2023-09-10 13:24:41.421 [main] Loggerload - [] : Validate navigation links from student page
[INFO ] 2023-09-10 13:24:41.421 [main] Loggerload - -----------------------------------------------------------------------------------------------
[INFO ] 2023-09-10 13:24:42.245 [main] Loggerload - ===============================================================================================
[INFO ] 2023-09-10 13:24:42.245 [main] Loggerload - [] : Validate navigation links from student page
[INFO ] 2023-09-10 13:24:42.245 [main] Loggerload - -----------------------------------------------------------------------------------------------
[INFO ] 2023-09-10 13:24:43.012 [main] Loggerload - ===============================================================================================
[INFO ] 2023-09-10 13:24:43.012 [main] Loggerload - [] : Validate navigation links from student page
[INFO ] 2023-09-10 13:24:43.013 [main] Loggerload - -----------------------------------------------------------------------------------------------
[INFO ] 2023-09-10 13:24:43.828 [main] Loggerload - ===============================================================================================
[INFO ] 2023-09-10 13:24:43.829 [main] Loggerload - [] : Validate navigation links from student page
[INFO ] 2023-09-10 13:24:43.829 [main] Loggerload - -----------------------------------------------------------------------------------------------
[INFO ] 2023-09-10 13:24:44.651 [main] Loggerload - ===============================================================================================
[INFO ] 2023-09-10 13:24:44.651 [main] Loggerload - [] : Validate navigation links from student page
[INFO ] 2023-09-10 13:24:44.651 [main] Loggerload - -----------------------------------------------------------------------------------------------
[INFO ] 2023-09-10 13:24:45.469 [main] Loggerload - Closing Driver
[INFO ] 2023-09-10 13:28:16.564 [main] Loggerload - Loading Config file
[INFO ] 2023-09-10 13:28:16.566 [main] Loggerload - Get property BrowserType
[INFO ] 2023-09-10 13:28:16.566 [main] Loggerload - Initializing driver for : chrome
[INFO ] 2023-09-10 13:28:16.638 [main] Loggerload - ===============================================================================================
[INFO ] 2023-09-10 13:28:16.638 [main] Loggerload - [] : Validate navigations and elements on student page
[INFO ] 2023-09-10 13:28:16.638 [main] Loggerload - -----------------------------------------------------------------------------------------------
[INFO ] 2023-09-10 13:28:17.910 [main] Loggerload - ===============================================================================================
[INFO ] 2023-09-10 13:28:17.910 [main] Loggerload - [] : Validate navigations and elements on student page
[INFO ] 2023-09-10 13:28:17.910 [main] Loggerload - -----------------------------------------------------------------------------------------------
[INFO ] 2023-09-10 13:28:18.740 [main] Loggerload - ===============================================================================================
[INFO ] 2023-09-10 13:28:18.740 [main] Loggerload - [] : Validate navigations and elements on student page
[INFO ] 2023-09-10 13:28:18.740 [main] Loggerload - -----------------------------------------------------------------------------------------------
[INFO ] 2023-09-10 13:28:19.563 [main] Loggerload - ===============================================================================================
[INFO ] 2023-09-10 13:28:19.564 [main] Loggerload - [] : Validate navigations and elements on student page
[INFO ] 2023-09-10 13:28:19.564 [main] Loggerload - -----------------------------------------------------------------------------------------------
[INFO ] 2023-09-10 13:28:20.329 [main] Loggerload - ===============================================================================================
[INFO ] 2023-09-10 13:28:20.329 [main] Loggerload - [] : Validate navigations and elements on student page
[INFO ] 2023-09-10 13:28:20.329 [main] Loggerload - -----------------------------------------------------------------------------------------------
[INFO ] 2023-09-10 13:28:21.150 [main] Loggerload - ===============================================================================================
[INFO ] 2023-09-10 13:28:21.150 [main] Loggerload - [] : Validate navigations and elements on student page
[INFO ] 2023-09-10 13:28:21.150 [main] Loggerload - -----------------------------------------------------------------------------------------------
[INFO ] 2023-09-10 13:28:21.975 [main] Loggerload - ===============================================================================================
[INFO ] 2023-09-10 13:28:21.975 [main] Loggerload - [] : Validate navigations and elements on student page
[INFO ] 2023-09-10 13:28:21.975 [main] Loggerload - -----------------------------------------------------------------------------------------------
[INFO ] 2023-09-10 13:28:22.801 [main] Loggerload - ===============================================================================================
[INFO ] 2023-09-10 13:28:22.801 [main] Loggerload - [] : Validate navigations and elements on student page
[INFO ] 2023-09-10 13:28:22.801 [main] Loggerload - -----------------------------------------------------------------------------------------------
[INFO ] 2023-09-10 13:28:23.628 [main] Loggerload - ===============================================================================================
[INFO ] 2023-09-10 13:28:23.628 [main] Loggerload - [] : Validate navigations and elements on student page
[INFO ] 2023-09-10 13:28:23.628 [main] Loggerload - -----------------------------------------------------------------------------------------------
[INFO ] 2023-09-10 13:28:24.454 [main] Loggerload - ===============================================================================================
[INFO ] 2023-09-10 13:28:24.454 [main] Loggerload - [] : Validate the broken link
[INFO ] 2023-09-10 13:28:24.454 [main] Loggerload - -----------------------------------------------------------------------------------------------
[INFO ] 2023-09-10 13:28:25.278 [main] Loggerload - ===============================================================================================
[INFO ] 2023-09-10 13:28:25.278 [main] Loggerload - [] : Validate dropdown attributes
[INFO ] 2023-09-10 13:28:25.279 [main] Loggerload - -----------------------------------------------------------------------------------------------
[INFO ] 2023-09-10 13:28:26.098 [main] Loggerload - ===============================================================================================
[INFO ] 2023-09-10 13:28:26.098 [main] Loggerload - [] : Validate dropdown attributes
[INFO ] 2023-09-10 13:28:26.098 [main] Loggerload - -----------------------------------------------------------------------------------------------
[INFO ] 2023-09-10 13:28:26.860 [main] Loggerload - ===============================================================================================
[INFO ] 2023-09-10 13:28:26.860 [main] Loggerload - [] : Validate dropdown attributes
[INFO ] 2023-09-10 13:28:26.860 [main] Loggerload - -----------------------------------------------------------------------------------------------
[INFO ] 2023-09-10 13:28:27.685 [main] Loggerload - ===============================================================================================
[INFO ] 2023-09-10 13:28:27.685 [main] Loggerload - [] : Validate dropdown attributes
[INFO ] 2023-09-10 13:28:27.685 [main] Loggerload - -----------------------------------------------------------------------------------------------
[INFO ] 2023-09-10 13:28:28.501 [main] Loggerload - ===============================================================================================
[INFO ] 2023-09-10 13:28:28.502 [main] Loggerload - [] : Validate dropdown attributes
[INFO ] 2023-09-10 13:28:28.502 [main] Loggerload - -----------------------------------------------------------------------------------------------
[INFO ] 2023-09-10 13:28:29.327 [main] Loggerload - ===============================================================================================
[INFO ] 2023-09-10 13:28:29.327 [main] Loggerload - [] : Validate dropdown attributes
[INFO ] 2023-09-10 13:28:29.327 [main] Loggerload - -----------------------------------------------------------------------------------------------
[INFO ] 2023-09-10 13:28:30.146 [main] Loggerload - ===============================================================================================
[INFO ] 2023-09-10 13:28:30.146 [main] Loggerload - [] : Dropdown interactions
[INFO ] 2023-09-10 13:28:30.146 [main] Loggerload - -----------------------------------------------------------------------------------------------
[INFO ] 2023-09-10 13:28:30.966 [main] Loggerload - ===============================================================================================
[INFO ] 2023-09-10 13:28:30.967 [main] Loggerload - [] : Dropdown interactions
[INFO ] 2023-09-10 13:28:30.967 [main] Loggerload - -----------------------------------------------------------------------------------------------
[INFO ] 2023-09-10 13:28:31.717 [main] Loggerload - ===============================================================================================
[INFO ] 2023-09-10 13:28:31.717 [main] Loggerload - [] : Dropdown interactions
[INFO ] 2023-09-10 13:28:31.717 [main] Loggerload - -----------------------------------------------------------------------------------------------
[INFO ] 2023-09-10 13:28:32.533 [main] Loggerload - ===============================================================================================
[INFO ] 2023-09-10 13:28:32.533 [main] Loggerload - [] : Dropdown interactions
[INFO ] 2023-09-10 13:28:32.533 [main] Loggerload - -----------------------------------------------------------------------------------------------
[INFO ] 2023-09-10 13:28:33.357 [main] Loggerload - ===============================================================================================
[INFO ] 2023-09-10 13:28:33.358 [main] Loggerload - [] : Dropdown interactions
[INFO ] 2023-09-10 13:28:33.358 [main] Loggerload - -----------------------------------------------------------------------------------------------
[INFO ] 2023-09-10 13:28:34.181 [main] Loggerload - ===============================================================================================
[INFO ] 2023-09-10 13:28:34.181 [main] Loggerload - [] : Dropdown interactions
[INFO ] 2023-09-10 13:28:34.181 [main] Loggerload - -----------------------------------------------------------------------------------------------
[INFO ] 2023-09-10 13:28:34.944 [main] Loggerload - ===============================================================================================
[INFO ] 2023-09-10 13:28:34.944 [main] Loggerload - [] : Dropdown interactions
[INFO ] 2023-09-10 13:28:34.944 [main] Loggerload - -----------------------------------------------------------------------------------------------
[INFO ] 2023-09-10 13:28:35.763 [main] Loggerload - ===============================================================================================
[INFO ] 2023-09-10 13:28:35.763 [main] Loggerload - [] : Dropdown interactions
[INFO ] 2023-09-10 13:28:35.764 [main] Loggerload - -----------------------------------------------------------------------------------------------
[INFO ] 2023-09-10 13:28:36.570 [main] Loggerload - ===============================================================================================
[INFO ] 2023-09-10 13:28:36.570 [main] Loggerload - [] : Display student info when both student name and batch ID are selected
[INFO ] 2023-09-10 13:28:36.570 [main] Loggerload - -----------------------------------------------------------------------------------------------
[INFO ] 2023-09-10 13:28:37.378 [main] Loggerload - Closing Driver
[INFO ] 2023-09-10 13:30:31.539 [main] Loggerload - Loading Config file
[INFO ] 2023-09-10 13:30:31.541 [main] Loggerload - Get property BrowserType
[INFO ] 2023-09-10 13:30:31.541 [main] Loggerload - Initializing driver for : chrome
[INFO ] 2023-09-10 13:30:31.633 [main] Loggerload - ===============================================================================================
[INFO ] 2023-09-10 13:30:31.633 [main] Loggerload - [] : Check if the required fields exist in the popup
[INFO ] 2023-09-10 13:30:31.633 [main] Loggerload - -----------------------------------------------------------------------------------------------
[INFO ] 2023-09-10 13:30:32.840 [main] Loggerload - ===============================================================================================
[INFO ] 2023-09-10 13:30:32.840 [main] Loggerload - [] : Validate optional fields in the user popup
[INFO ] 2023-09-10 13:30:32.840 [main] Loggerload - -----------------------------------------------------------------------------------------------
[INFO ] 2023-09-10 13:30:33.679 [main] Loggerload - ===============================================================================================
[INFO ] 2023-09-10 13:30:33.679 [main] Loggerload - [] : Ensure program details are added to the data table
[INFO ] 2023-09-10 13:30:33.680 [main] Loggerload - -----------------------------------------------------------------------------------------------
[INFO ] 2023-09-10 13:30:34.511 [main] Loggerload - ===============================================================================================
[INFO ] 2023-09-10 13:30:34.511 [main] Loggerload - [] : Check for error messages when providing invalid field values
[INFO ] 2023-09-10 13:30:34.511 [main] Loggerload - -----------------------------------------------------------------------------------------------
[INFO ] 2023-09-10 13:30:35.334 [main] Loggerload - ===============================================================================================
[INFO ] 2023-09-10 13:30:35.335 [main] Loggerload - [] : Validate error messages for unfilled mandatory fields
[INFO ] 2023-09-10 13:30:35.335 [main] Loggerload - -----------------------------------------------------------------------------------------------
[INFO ] 2023-09-10 13:30:36.153 [main] Loggerload - Closing Driver
[INFO ] 2023-09-10 13:32:45.045 [main] Loggerload - Loading Config file
[INFO ] 2023-09-10 13:32:45.047 [main] Loggerload - Get property BrowserType
[INFO ] 2023-09-10 13:32:45.047 [main] Loggerload - Initializing driver for : chrome
[INFO ] 2023-09-10 13:32:45.127 [main] Loggerload - ===============================================================================================
[INFO ] 2023-09-10 13:32:45.127 [main] Loggerload - [] : Check if the required fields exist in the popup
[INFO ] 2023-09-10 13:32:45.127 [main] Loggerload - -----------------------------------------------------------------------------------------------
[INFO ] 2023-09-10 13:32:46.346 [main] Loggerload - ===============================================================================================
[INFO ] 2023-09-10 13:32:46.346 [main] Loggerload - [] : Validate optional fields in the user popup
[INFO ] 2023-09-10 13:32:46.346 [main] Loggerload - -----------------------------------------------------------------------------------------------
[INFO ] 2023-09-10 13:32:47.121 [main] Loggerload - ===============================================================================================
[INFO ] 2023-09-10 13:32:47.121 [main] Loggerload - [] : Ensure program details are added to the data table
[INFO ] 2023-09-10 13:32:47.121 [main] Loggerload - -----------------------------------------------------------------------------------------------
[INFO ] 2023-09-10 13:32:47.958 [main] Loggerload - ===============================================================================================
[INFO ] 2023-09-10 13:32:47.958 [main] Loggerload - [] : Check for error messages when providing invalid field values
[INFO ] 2023-09-10 13:32:47.959 [main] Loggerload - -----------------------------------------------------------------------------------------------
[INFO ] 2023-09-10 13:32:48.782 [main] Loggerload - ===============================================================================================
[INFO ] 2023-09-10 13:32:48.782 [main] Loggerload - [] : Validate error messages for unfilled mandatory fields
[INFO ] 2023-09-10 13:32:48.782 [main] Loggerload - -----------------------------------------------------------------------------------------------
[INFO ] 2023-09-10 13:32:49.544 [main] Loggerload - Closing Driver
[INFO ] 2023-09-10 13:33:43.596 [main] Loggerload - Loading Config file
[INFO ] 2023-09-10 13:33:43.598 [main] Loggerload - Get property BrowserType
[INFO ] 2023-09-10 13:33:43.599 [main] Loggerload - Initializing driver for : chrome
[INFO ] 2023-09-10 13:33:43.697 [main] Loggerload - ===============================================================================================
[INFO ] 2023-09-10 13:33:43.697 [main] Loggerload - [] : Validate row level delete icon prompts a confirmation alert
[INFO ] 2023-09-10 13:33:43.697 [main] Loggerload - -----------------------------------------------------------------------------------------------
[INFO ] 2023-09-10 13:33:52.692 [main] Loggerload - Loading Config file
[INFO ] 2023-09-10 13:33:52.695 [main] Loggerload - Get property BrowserType
[INFO ] 2023-09-10 13:33:52.695 [main] Loggerload - Initializing driver for : chrome
[INFO ] 2023-09-10 13:33:52.783 [main] Loggerload - ===============================================================================================
[INFO ] 2023-09-10 13:33:52.783 [main] Loggerload - [] : Validate row level delete icon prompts a confirmation alert
[INFO ] 2023-09-10 13:33:52.783 [main] Loggerload - -----------------------------------------------------------------------------------------------
[INFO ] 2023-09-10 13:33:54.001 [main] Loggerload - ===============================================================================================
[INFO ] 2023-09-10 13:33:54.001 [main] Loggerload - [] : Validate user deletion after confirming from the alert
[INFO ] 2023-09-10 13:33:54.001 [main] Loggerload - -----------------------------------------------------------------------------------------------
[INFO ] 2023-09-10 13:33:54.827 [main] Loggerload - ===============================================================================================
[INFO ] 2023-09-10 13:33:54.827 [main] Loggerload - [] : Validate user is not deleted when declining from the alert
[INFO ] 2023-09-10 13:33:54.828 [main] Loggerload - -----------------------------------------------------------------------------------------------
[INFO ] 2023-09-10 13:33:55.650 [main] Loggerload - Closing Driver
[INFO ] 2023-09-10 13:37:51.007 [main] Loggerload - Loading Config file
[INFO ] 2023-09-10 13:37:51.009 [main] Loggerload - Get property BrowserType
[INFO ] 2023-09-10 13:37:51.009 [main] Loggerload - Initializing driver for : chrome
[INFO ] 2023-09-10 13:37:51.097 [main] Loggerload - ===============================================================================================
[INFO ] 2023-09-10 13:37:51.097 [main] Loggerload - [] : Validate row level edit icon functionality
[INFO ] 2023-09-10 13:37:51.097 [main] Loggerload - -----------------------------------------------------------------------------------------------
[INFO ] 2023-09-10 13:37:52.369 [main] Loggerload - ===============================================================================================
[INFO ] 2023-09-10 13:37:52.370 [main] Loggerload - [] : Verify fields update successfully
[INFO ] 2023-09-10 13:37:52.370 [main] Loggerload - -----------------------------------------------------------------------------------------------
[INFO ] 2023-09-10 13:37:53.202 [main] Loggerload - ===============================================================================================
[INFO ] 2023-09-10 13:37:53.202 [main] Loggerload - [] : Ensure error messages appear for invalid field updates
[INFO ] 2023-09-10 13:37:53.202 [main] Loggerload - -----------------------------------------------------------------------------------------------
[INFO ] 2023-09-10 13:37:54.039 [main] Loggerload - ===============================================================================================
[INFO ] 2023-09-10 13:37:54.039 [main] Loggerload - [] : Confirm error message appearance when mandatory fields are emptied
[INFO ] 2023-09-10 13:37:54.039 [main] Loggerload - -----------------------------------------------------------------------------------------------
[INFO ] 2023-09-10 13:37:54.807 [main] Loggerload - ===============================================================================================
[INFO ] 2023-09-10 13:37:54.807 [main] Loggerload - [] : Verify that the description field is optional during update
[INFO ] 2023-09-10 13:37:54.807 [main] Loggerload - -----------------------------------------------------------------------------------------------
[INFO ] 2023-09-10 13:37:55.625 [main] Loggerload - Closing Driver
[INFO ] 2023-09-10 13:40:42.556 [main] Loggerload - Loading Config file
[INFO ] 2023-09-10 13:40:42.559 [main] Loggerload - Get property BrowserType
[INFO ] 2023-09-10 13:40:42.559 [main] Loggerload - Initializing driver for : chrome
[INFO ] 2023-09-10 13:40:42.646 [main] Loggerload - ===============================================================================================
[INFO ] 2023-09-10 13:40:42.646 [main] Loggerload - [] : Validate landing in User page
[INFO ] 2023-09-10 13:40:42.646 [main] Loggerload - -----------------------------------------------------------------------------------------------
[INFO ] 2023-09-10 13:40:43.872 [main] Loggerload - ===============================================================================================
[INFO ] 2023-09-10 13:40:43.873 [main] Loggerload - [] : Validate header in the User Page
[INFO ] 2023-09-10 13:40:43.873 [main] Loggerload - -----------------------------------------------------------------------------------------------
[INFO ] 2023-09-10 13:40:44.699 [main] Loggerload - ===============================================================================================
[INFO ] 2023-09-10 13:40:44.699 [main] Loggerload - [] : Validate pagination in the User Page
[INFO ] 2023-09-10 13:40:44.699 [main] Loggerload - -----------------------------------------------------------------------------------------------
[INFO ] 2023-09-10 13:40:45.526 [main] Loggerload - ===============================================================================================
[INFO ] 2023-09-10 13:40:45.527 [main] Loggerload - [] : Validate data table headers in the User Page
[INFO ] 2023-09-10 13:40:45.527 [main] Loggerload - -----------------------------------------------------------------------------------------------
[INFO ] 2023-09-10 13:40:46.352 [main] Loggerload - ===============================================================================================
[INFO ] 2023-09-10 13:40:46.352 [main] Loggerload - [] : Validate Delete button in User Page
[INFO ] 2023-09-10 13:40:46.352 [main] Loggerload - -----------------------------------------------------------------------------------------------
[INFO ] 2023-09-10 13:40:47.170 [main] Loggerload - ===============================================================================================
[INFO ] 2023-09-10 13:40:47.171 [main] Loggerload - [] : Validate "+ A New user" button in User Page
[INFO ] 2023-09-10 13:40:47.171 [main] Loggerload - -----------------------------------------------------------------------------------------------
[INFO ] 2023-09-10 13:40:47.930 [main] Loggerload - ===============================================================================================
[INFO ] 2023-09-10 13:40:47.930 [main] Loggerload - [] : Validate "+ Assign staff" button in User page
[INFO ] 2023-09-10 13:40:47.930 [main] Loggerload - -----------------------------------------------------------------------------------------------
[INFO ] 2023-09-10 13:40:48.755 [main] Loggerload - ===============================================================================================
[INFO ] 2023-09-10 13:40:48.756 [main] Loggerload - [] : Validate search box in User page
[INFO ] 2023-09-10 13:40:48.756 [main] Loggerload - -----------------------------------------------------------------------------------------------
[INFO ] 2023-09-10 13:40:49.578 [main] Loggerload - ===============================================================================================
[INFO ] 2023-09-10 13:40:49.578 [main] Loggerload - [] : Validate checkboxes in data rows
[INFO ] 2023-09-10 13:40:49.578 [main] Loggerload - -----------------------------------------------------------------------------------------------
[INFO ] 2023-09-10 13:40:50.399 [main] Loggerload - ===============================================================================================
[INFO ] 2023-09-10 13:40:50.399 [main] Loggerload - [] : Validate edit icons in data rows
[INFO ] 2023-09-10 13:40:50.399 [main] Loggerload - -----------------------------------------------------------------------------------------------
[INFO ] 2023-09-10 13:40:51.222 [main] Loggerload - ===============================================================================================
[INFO ] 2023-09-10 13:40:51.223 [main] Loggerload - [] : Validate delete icons in data rows
[INFO ] 2023-09-10 13:40:51.223 [main] Loggerload - -----------------------------------------------------------------------------------------------
[INFO ] 2023-09-10 13:40:52.050 [main] Loggerload - ===============================================================================================
[INFO ] 2023-09-10 13:40:52.051 [main] Loggerload - [] : Validate pop up for adding a user
[INFO ] 2023-09-10 13:40:52.051 [main] Loggerload - -----------------------------------------------------------------------------------------------
[INFO ] 2023-09-10 13:40:52.936 [main] Loggerload - Closing Driver
[INFO ] 2023-09-11 10:53:33.958 [main] Loggerload - Loading Config file
[INFO ] 2023-09-11 10:53:33.960 [main] Loggerload - Get property BrowserType
[INFO ] 2023-09-11 10:53:33.960 [main] Loggerload - Initializing driver for : chrome
[INFO ] 2023-09-11 10:53:34.074 [main] Loggerload - Closing Driver
[INFO ] 2023-09-11 10:56:38.471 [main] Loggerload - Loading Config file
[INFO ] 2023-09-11 10:56:38.474 [main] Loggerload - Get property BrowserType
[INFO ] 2023-09-11 10:56:38.474 [main] Loggerload - Initializing driver for : chrome
[INFO ] 2023-09-11 10:56:38.608 [main] Loggerload - Closing Driver
[INFO ] 2023-09-11 10:57:29.272 [main] Loggerload - Loading Config file
[INFO ] 2023-09-11 10:57:29.274 [main] Loggerload - Get property BrowserType
[INFO ] 2023-09-11 10:57:29.274 [main] Loggerload - Initializing driver for : chrome
[INFO ] 2023-09-11 10:57:29.324 [main] Loggerload - Closing Driver
[INFO ] 2023-09-11 10:59:50.257 [main] Loggerload - Loading Config file
[INFO ] 2023-09-11 10:59:50.259 [main] Loggerload - Get property BrowserType
[INFO ] 2023-09-11 10:59:50.259 [main] Loggerload - Initializing driver for : chrome
[INFO ] 2023-09-11 10:59:50.393 [main] Loggerload - Closing Driver
[INFO ] 2023-09-11 11:24:38.319 [main] Loggerload - Loading Config file
[INFO ] 2023-09-11 11:24:38.321 [main] Loggerload - Get property BrowserType
[INFO ] 2023-09-11 11:24:38.321 [main] Loggerload - Initializing driver for : chrome
[INFO ] 2023-09-11 11:24:38.404 [main] Loggerload - Closing Driver
[INFO ] 2023-09-11 11:27:50.476 [main] Loggerload - Loading Config file
[INFO ] 2023-09-11 11:27:50.478 [main] Loggerload - Get property BrowserType
[INFO ] 2023-09-11 11:27:50.479 [main] Loggerload - Initializing driver for : chrome
[INFO ] 2023-09-11 11:27:50.534 [main] Loggerload - ===============================================================================================
[INFO ] 2023-09-11 11:27:50.534 [main] Loggerload - [] : Verify after login admin lands on manage program as dashboard page
[INFO ] 2023-09-11 11:27:50.534 [main] Loggerload - -----------------------------------------------------------------------------------------------
[INFO ] 2023-09-11 11:27:52.465 [main] Loggerload - ===============================================================================================
[INFO ] 2023-09-11 11:27:52.465 [main] Loggerload - [] : Verify the response time
[INFO ] 2023-09-11 11:27:52.465 [main] Loggerload - -----------------------------------------------------------------------------------------------
[INFO ] 2023-09-11 11:27:53.525 [main] Loggerload - ===============================================================================================
[INFO ] 2023-09-11 11:27:53.525 [main] Loggerload - [] : Verify broken link
[INFO ] 2023-09-11 11:27:53.525 [main] Loggerload - -----------------------------------------------------------------------------------------------
[INFO ] 2023-09-11 11:27:54.585 [main] Loggerload - ===============================================================================================
[INFO ] 2023-09-11 11:27:54.586 [main] Loggerload - [] : Verify LMS title
[INFO ] 2023-09-11 11:27:54.586 [main] Loggerload - -----------------------------------------------------------------------------------------------
[INFO ] 2023-09-11 11:27:55.629 [main] Loggerload - ===============================================================================================
[INFO ] 2023-09-11 11:27:55.629 [main] Loggerload - [] : Verify LMS title alignment
[INFO ] 2023-09-11 11:27:55.630 [main] Loggerload - -----------------------------------------------------------------------------------------------
[INFO ] 2023-09-11 11:27:56.683 [main] Loggerload - ===============================================================================================
[INFO ] 2023-09-11 11:27:56.683 [main] Loggerload - [] : Validate navigation bar text
[INFO ] 2023-09-11 11:27:56.683 [main] Loggerload - -----------------------------------------------------------------------------------------------
[INFO ] 2023-09-11 11:27:57.745 [main] Loggerload - ===============================================================================================
[INFO ] 2023-09-11 11:27:57.746 [main] Loggerload - [] : Validate LMS title has correct spelling and space
[INFO ] 2023-09-11 11:27:57.746 [main] Loggerload - -----------------------------------------------------------------------------------------------
[INFO ] 2023-09-11 11:27:58.808 [main] Loggerload - ===============================================================================================
[INFO ] 2023-09-11 11:27:58.808 [main] Loggerload - [] : Validate alignment for navigation bar
[INFO ] 2023-09-11 11:27:58.808 [main] Loggerload - -----------------------------------------------------------------------------------------------
[INFO ] 2023-09-11 11:27:59.838 [main] Loggerload - ===============================================================================================
[INFO ] 2023-09-11 11:27:59.838 [main] Loggerload - [] : Validate navigation bar order
[INFO ] 2023-09-11 11:27:59.838 [main] Loggerload - -----------------------------------------------------------------------------------------------
[INFO ] 2023-09-11 11:28:00.894 [main] Loggerload - ===============================================================================================
[INFO ] 2023-09-11 11:28:00.894 [main] Loggerload - [] : Validate navigation bar order
[INFO ] 2023-09-11 11:28:00.894 [main] Loggerload - -----------------------------------------------------------------------------------------------
[INFO ] 2023-09-11 11:28:01.999 [main] Loggerload - ===============================================================================================
[INFO ] 2023-09-11 11:28:01.999 [main] Loggerload - [] : Validate navigation bar order
[INFO ] 2023-09-11 11:28:01.999 [main] Loggerload - -----------------------------------------------------------------------------------------------
[INFO ] 2023-09-11 11:28:03.066 [main] Loggerload - ===============================================================================================
[INFO ] 2023-09-11 11:28:03.066 [main] Loggerload - [] : Validate navigation bar order
[INFO ] 2023-09-11 11:28:03.066 [main] Loggerload - -----------------------------------------------------------------------------------------------
[INFO ] 2023-09-11 11:28:04.161 [main] Loggerload - ===============================================================================================
[INFO ] 2023-09-11 11:28:04.162 [main] Loggerload - [] : Validate navigation bar order
[INFO ] 2023-09-11 11:28:04.162 [main] Loggerload - -----------------------------------------------------------------------------------------------
[INFO ] 2023-09-11 11:28:05.264 [main] Loggerload - ===============================================================================================
[INFO ] 2023-09-11 11:28:05.264 [main] Loggerload - [] : Validate navigation bar order
[INFO ] 2023-09-11 11:28:05.264 [main] Loggerload - -----------------------------------------------------------------------------------------------
[INFO ] 2023-09-11 11:28:06.303 [main] Loggerload - ===============================================================================================
[INFO ] 2023-09-11 11:28:06.303 [main] Loggerload - [] : Validate navigation bar order
[INFO ] 2023-09-11 11:28:06.303 [main] Loggerload - -----------------------------------------------------------------------------------------------
[INFO ] 2023-09-11 11:28:07.439 [main] Loggerload - ===============================================================================================
[INFO ] 2023-09-11 11:28:07.440 [main] Loggerload - [] : Validate navigation bar order
[INFO ] 2023-09-11 11:28:07.440 [main] Loggerload - -----------------------------------------------------------------------------------------------
[INFO ] 2023-09-11 11:28:08.545 [main] Loggerload - Closing Driver
[INFO ] 2023-09-11 12:18:47.411 [main] Loggerload - Loading Config file
[INFO ] 2023-09-11 12:18:47.413 [main] Loggerload - Get property BrowserType
[INFO ] 2023-09-11 12:18:47.413 [main] Loggerload - Initializing driver for : chrome
[INFO ] 2023-09-11 12:18:47.464 [main] Loggerload - ===============================================================================================
[INFO ] 2023-09-11 12:18:47.465 [main] Loggerload - [] : Verify Logout button function
[INFO ] 2023-09-11 12:18:47.465 [main] Loggerload - -----------------------------------------------------------------------------------------------
[INFO ] 2023-09-11 12:18:49.030 [main] Loggerload - Closing Driver
[INFO ] 2023-09-11 12:28:05.536 [main] Loggerload - Loading Config file
[INFO ] 2023-09-11 12:28:05.538 [main] Loggerload - Get property BrowserType
[INFO ] 2023-09-11 12:28:05.538 [main] Loggerload - Initializing driver for : chrome
[INFO ] 2023-09-11 12:28:05.594 [main] Loggerload - ===============================================================================================
[INFO ] 2023-09-11 12:28:05.594 [main] Loggerload - [] : Validate navigations and elements on student page
[INFO ] 2023-09-11 12:28:05.595 [main] Loggerload - -----------------------------------------------------------------------------------------------
[INFO ] 2023-09-11 12:28:07.214 [main] Loggerload - ===============================================================================================
[INFO ] 2023-09-11 12:28:07.214 [main] Loggerload - [] : Validate navigations and elements on student page
[INFO ] 2023-09-11 12:28:07.214 [main] Loggerload - -----------------------------------------------------------------------------------------------
[INFO ] 2023-09-11 12:28:08.268 [main] Loggerload - ===============================================================================================
[INFO ] 2023-09-11 12:28:08.268 [main] Loggerload - [] : Validate navigations and elements on student page
[INFO ] 2023-09-11 12:28:08.268 [main] Loggerload - -----------------------------------------------------------------------------------------------
[INFO ] 2023-09-11 12:28:09.314 [main] Loggerload - ===============================================================================================
[INFO ] 2023-09-11 12:28:09.314 [main] Loggerload - [] : Validate navigations and elements on student page
[INFO ] 2023-09-11 12:28:09.314 [main] Loggerload - -----------------------------------------------------------------------------------------------
[INFO ] 2023-09-11 12:28:10.423 [main] Loggerload - ===============================================================================================
[INFO ] 2023-09-11 12:28:10.424 [main] Loggerload - [] : Validate navigations and elements on student page
[INFO ] 2023-09-11 12:28:10.424 [main] Loggerload - -----------------------------------------------------------------------------------------------
[INFO ] 2023-09-11 12:28:11.571 [main] Loggerload - ===============================================================================================
[INFO ] 2023-09-11 12:28:11.571 [main] Loggerload - [] : Validate navigations and elements on student page
[INFO ] 2023-09-11 12:28:11.571 [main] Loggerload - -----------------------------------------------------------------------------------------------
[INFO ] 2023-09-11 12:28:12.603 [main] Loggerload - ===============================================================================================
[INFO ] 2023-09-11 12:28:12.604 [main] Loggerload - [] : Validate navigations and elements on student page
[INFO ] 2023-09-11 12:28:12.604 [main] Loggerload - -----------------------------------------------------------------------------------------------
[INFO ] 2023-09-11 12:28:13.652 [main] Loggerload - ===============================================================================================
[INFO ] 2023-09-11 12:28:13.652 [main] Loggerload - [] : Validate navigations and elements on student page
[INFO ] 2023-09-11 12:28:13.652 [main] Loggerload - -----------------------------------------------------------------------------------------------
[INFO ] 2023-09-11 12:28:14.692 [main] Loggerload - ===============================================================================================
[INFO ] 2023-09-11 12:28:14.692 [main] Loggerload - [] : Validate navigations and elements on student page
[INFO ] 2023-09-11 12:28:14.693 [main] Loggerload - -----------------------------------------------------------------------------------------------
[INFO ] 2023-09-11 12:28:15.947 [main] Loggerload - ===============================================================================================
[INFO ] 2023-09-11 12:28:15.947 [main] Loggerload - [] : Validate the broken link
[INFO ] 2023-09-11 12:28:15.947 [main] Loggerload - -----------------------------------------------------------------------------------------------
[INFO ] 2023-09-11 12:28:16.986 [main] Loggerload - ===============================================================================================
[INFO ] 2023-09-11 12:28:16.986 [main] Loggerload - [] : Validate dropdown attributes
[INFO ] 2023-09-11 12:28:16.986 [main] Loggerload - -----------------------------------------------------------------------------------------------
[INFO ] 2023-09-11 12:28:18.020 [main] Loggerload - ===============================================================================================
[INFO ] 2023-09-11 12:28:18.020 [main] Loggerload - [] : Validate dropdown attributes
[INFO ] 2023-09-11 12:28:18.020 [main] Loggerload - -----------------------------------------------------------------------------------------------
[INFO ] 2023-09-11 12:28:19.149 [main] Loggerload - ===============================================================================================
[INFO ] 2023-09-11 12:28:19.149 [main] Loggerload - [] : Validate first drop down label is select student name
[INFO ] 2023-09-11 12:28:19.149 [main] Loggerload - -----------------------------------------------------------------------------------------------
[INFO ] 2023-09-11 12:28:20.213 [main] Loggerload - ===============================================================================================
[INFO ] 2023-09-11 12:28:20.213 [main] Loggerload - [] : Validate second drop down label is select batch id
[INFO ] 2023-09-11 12:28:20.213 [main] Loggerload - -----------------------------------------------------------------------------------------------
[INFO ] 2023-09-11 12:28:21.369 [main] Loggerload - ===============================================================================================
[INFO ] 2023-09-11 12:28:21.369 [main] Loggerload - [] : Dropdown interactions
[INFO ] 2023-09-11 12:28:21.369 [main] Loggerload - -----------------------------------------------------------------------------------------------
[INFO ] 2023-09-11 12:28:22.404 [main] Loggerload - ===============================================================================================
[INFO ] 2023-09-11 12:28:22.404 [main] Loggerload - [] : Dropdown interactions
[INFO ] 2023-09-11 12:28:22.404 [main] Loggerload - -----------------------------------------------------------------------------------------------
[INFO ] 2023-09-11 12:28:23.465 [main] Loggerload - ===============================================================================================
[INFO ] 2023-09-11 12:28:23.465 [main] Loggerload - [] : Dropdown interactions
[INFO ] 2023-09-11 12:28:23.465 [main] Loggerload - -----------------------------------------------------------------------------------------------
[INFO ] 2023-09-11 12:28:24.559 [main] Loggerload - ===============================================================================================
[INFO ] 2023-09-11 12:28:24.561 [main] Loggerload - [] : Dropdown interactions
[INFO ] 2023-09-11 12:28:24.561 [main] Loggerload - -----------------------------------------------------------------------------------------------
[INFO ] 2023-09-11 12:28:25.639 [main] Loggerload - ===============================================================================================
[INFO ] 2023-09-11 12:28:25.639 [main] Loggerload - [] : Dropdown interactions
[INFO ] 2023-09-11 12:28:25.639 [main] Loggerload - -----------------------------------------------------------------------------------------------
[INFO ] 2023-09-11 12:28:26.693 [main] Loggerload - ===============================================================================================
[INFO ] 2023-09-11 12:28:26.693 [main] Loggerload - [] : Dropdown interactions
[INFO ] 2023-09-11 12:28:26.693 [main] Loggerload - -----------------------------------------------------------------------------------------------
[INFO ] 2023-09-11 12:28:27.777 [main] Loggerload - ===============================================================================================
[INFO ] 2023-09-11 12:28:27.778 [main] Loggerload - [] : Display student info when both student name and batch ID are selected
[INFO ] 2023-09-11 12:28:27.778 [main] Loggerload - -----------------------------------------------------------------------------------------------
[INFO ] 2023-09-11 12:28:28.952 [main] Loggerload - Closing Driver
[INFO ] 2023-09-11 21:42:47.235 [main] Loggerload - Loading Config file
[INFO ] 2023-09-11 21:42:47.237 [main] Loggerload - Get property BrowserType
[INFO ] 2023-09-11 21:42:47.237 [main] Loggerload - Initializing driver for : chrome
[INFO ] 2023-09-11 21:42:47.290 [main] Loggerload - ===============================================================================================
[INFO ] 2023-09-11 21:42:47.290 [main] Loggerload - [] : Validate navigation links from student page
[INFO ] 2023-09-11 21:42:47.290 [main] Loggerload - -----------------------------------------------------------------------------------------------
[INFO ] 2023-09-11 21:42:48.987 [main] Loggerload - ===============================================================================================
[INFO ] 2023-09-11 21:42:48.987 [main] Loggerload - [] : Validate navigation links from student page
[INFO ] 2023-09-11 21:42:48.987 [main] Loggerload - -----------------------------------------------------------------------------------------------
[INFO ] 2023-09-11 21:42:50.239 [main] Loggerload - ===============================================================================================
[INFO ] 2023-09-11 21:42:50.239 [main] Loggerload - [] : Validate navigation links from student page
[INFO ] 2023-09-11 21:42:50.239 [main] Loggerload - -----------------------------------------------------------------------------------------------
[INFO ] 2023-09-11 21:42:51.329 [main] Loggerload - ===============================================================================================
[INFO ] 2023-09-11 21:42:51.329 [main] Loggerload - [] : Validate navigation links from student page
[INFO ] 2023-09-11 21:42:51.330 [main] Loggerload - -----------------------------------------------------------------------------------------------
[INFO ] 2023-09-11 21:42:52.408 [main] Loggerload - ===============================================================================================
[INFO ] 2023-09-11 21:42:52.408 [main] Loggerload - [] : Validate navigation links from student page
[INFO ] 2023-09-11 21:42:52.408 [main] Loggerload - -----------------------------------------------------------------------------------------------
[INFO ] 2023-09-11 21:42:53.566 [main] Loggerload - ===============================================================================================
[INFO ] 2023-09-11 21:42:53.566 [main] Loggerload - [] : Validate navigation links from student page
[INFO ] 2023-09-11 21:42:53.566 [main] Loggerload - -----------------------------------------------------------------------------------------------
[INFO ] 2023-09-11 21:42:54.631 [main] Loggerload - ===============================================================================================
[INFO ] 2023-09-11 21:42:54.631 [main] Loggerload - [] : Validate navigation links from student page
[INFO ] 2023-09-11 21:42:54.631 [main] Loggerload - -----------------------------------------------------------------------------------------------
[INFO ] 2023-09-11 21:42:55.706 [main] Loggerload - Closing Driver
[INFO ] 2023-09-11 22:50:19.705 [main] Loggerload - Loading Config file
[INFO ] 2023-09-11 22:50:19.707 [main] Loggerload - Get property BrowserType
[INFO ] 2023-09-11 22:50:19.707 [main] Loggerload - Initializing driver for : chrome
[INFO ] 2023-09-11 22:50:19.760 [main] Loggerload - ===============================================================================================
[INFO ] 2023-09-11 22:50:19.760 [main] Loggerload - [] : Validate navigations and elements on student page
[INFO ] 2023-09-11 22:50:19.760 [main] Loggerload - -----------------------------------------------------------------------------------------------
[INFO ] 2023-09-11 22:50:21.419 [main] Loggerload - ===============================================================================================
[INFO ] 2023-09-11 22:50:21.419 [main] Loggerload - [] : Validate navigations and elements on student page
[INFO ] 2023-09-11 22:50:21.419 [main] Loggerload - -----------------------------------------------------------------------------------------------
[INFO ] 2023-09-11 22:50:22.532 [main] Loggerload - ===============================================================================================
[INFO ] 2023-09-11 22:50:22.532 [main] Loggerload - [] : Validate navigations and elements on student page
[INFO ] 2023-09-11 22:50:22.532 [main] Loggerload - -----------------------------------------------------------------------------------------------
[INFO ] 2023-09-11 22:50:23.594 [main] Loggerload - ===============================================================================================
[INFO ] 2023-09-11 22:50:23.595 [main] Loggerload - [] : Validate navigations and elements on student page
[INFO ] 2023-09-11 22:50:23.595 [main] Loggerload - -----------------------------------------------------------------------------------------------
[INFO ] 2023-09-11 22:50:24.774 [main] Loggerload - ===============================================================================================
[INFO ] 2023-09-11 22:50:24.774 [main] Loggerload - [] : Validate navigations and elements on student page
[INFO ] 2023-09-11 22:50:24.774 [main] Loggerload - -----------------------------------------------------------------------------------------------
[INFO ] 2023-09-11 22:50:25.918 [main] Loggerload - ===============================================================================================
[INFO ] 2023-09-11 22:50:25.918 [main] Loggerload - [] : Validate navigations and elements on student page
[INFO ] 2023-09-11 22:50:25.918 [main] Loggerload - -----------------------------------------------------------------------------------------------
[INFO ] 2023-09-11 22:50:27.040 [main] Loggerload - ===============================================================================================
[INFO ] 2023-09-11 22:50:27.040 [main] Loggerload - [] : Validate navigations and elements on student page
[INFO ] 2023-09-11 22:50:27.041 [main] Loggerload - -----------------------------------------------------------------------------------------------
[INFO ] 2023-09-11 22:50:28.139 [main] Loggerload - ===============================================================================================
[INFO ] 2023-09-11 22:50:28.140 [main] Loggerload - [] : Validate navigations and elements on student page
[INFO ] 2023-09-11 22:50:28.140 [main] Loggerload - -----------------------------------------------------------------------------------------------
[INFO ] 2023-09-11 22:50:29.281 [main] Loggerload - ===============================================================================================
[INFO ] 2023-09-11 22:50:29.282 [main] Loggerload - [] : Validate navigations and elements on student page
[INFO ] 2023-09-11 22:50:29.282 [main] Loggerload - -----------------------------------------------------------------------------------------------
[INFO ] 2023-09-11 22:50:30.336 [main] Loggerload - ===============================================================================================
[INFO ] 2023-09-11 22:50:30.336 [main] Loggerload - [] : Validate the broken link
[INFO ] 2023-09-11 22:50:30.336 [main] Loggerload - -----------------------------------------------------------------------------------------------
[INFO ] 2023-09-11 22:50:31.398 [main] Loggerload - ===============================================================================================
[INFO ] 2023-09-11 22:50:31.398 [main] Loggerload - [] : Validate first drop down label is select student name
[INFO ] 2023-09-11 22:50:31.398 [main] Loggerload - -----------------------------------------------------------------------------------------------
[INFO ] 2023-09-11 22:50:32.434 [main] Loggerload - ===============================================================================================
[INFO ] 2023-09-11 22:50:32.434 [main] Loggerload - [] : Validate second drop down label is select batch id
[INFO ] 2023-09-11 22:50:32.434 [main] Loggerload - -----------------------------------------------------------------------------------------------
[INFO ] 2023-09-11 22:50:33.512 [main] Loggerload - ===============================================================================================
[INFO ] 2023-09-11 22:50:33.512 [main] Loggerload - [] : Dropdown interactions
[INFO ] 2023-09-11 22:50:33.512 [main] Loggerload - -----------------------------------------------------------------------------------------------
[INFO ] 2023-09-11 22:50:34.661 [main] Loggerload - ===============================================================================================
[INFO ] 2023-09-11 22:50:34.662 [main] Loggerload - [] : Dropdown interactions
[INFO ] 2023-09-11 22:50:34.662 [main] Loggerload - -----------------------------------------------------------------------------------------------
[INFO ] 2023-09-11 22:50:35.703 [main] Loggerload - ===============================================================================================
[INFO ] 2023-09-11 22:50:35.703 [main] Loggerload - [] : Dropdown interactions
[INFO ] 2023-09-11 22:50:35.703 [main] Loggerload - -----------------------------------------------------------------------------------------------
[INFO ] 2023-09-11 22:50:36.827 [main] Loggerload - ===============================================================================================
[INFO ] 2023-09-11 22:50:36.828 [main] Loggerload - [] : Dropdown interactions
[INFO ] 2023-09-11 22:50:36.828 [main] Loggerload - -----------------------------------------------------------------------------------------------
[INFO ] 2023-09-11 22:50:37.866 [main] Loggerload - ===============================================================================================
[INFO ] 2023-09-11 22:50:37.866 [main] Loggerload - [] : Display student info when both student name and batch ID are selected
[INFO ] 2023-09-11 22:50:37.867 [main] Loggerload - -----------------------------------------------------------------------------------------------
[INFO ] 2023-09-11 22:50:38.907 [main] Loggerload - Closing Driver
[INFO ] 2023-09-12 20:42:56.768 [main] Loggerload - Loading Config file
[INFO ] 2023-09-12 20:42:56.770 [main] Loggerload - Get property BrowserType
[INFO ] 2023-09-12 20:42:56.770 [main] Loggerload - Initializing driver for : chrome
[INFO ] 2023-09-12 20:42:56.845 [main] Loggerload - ===============================================================================================
[INFO ] 2023-09-12 20:42:56.845 [main] Loggerload - [] : Validate navigations and elements on student page
[INFO ] 2023-09-12 20:42:56.845 [main] Loggerload - -----------------------------------------------------------------------------------------------
[INFO ] 2023-09-12 20:42:59.359 [main] Loggerload - ===============================================================================================
[INFO ] 2023-09-12 20:42:59.359 [main] Loggerload - [] : Validate navigations and elements on student page
[INFO ] 2023-09-12 20:42:59.361 [main] Loggerload - -----------------------------------------------------------------------------------------------
[INFO ] 2023-09-12 20:43:01.023 [main] Loggerload - ===============================================================================================
[INFO ] 2023-09-12 20:43:01.024 [main] Loggerload - [] : Validate navigations and elements on student page
[INFO ] 2023-09-12 20:43:01.024 [main] Loggerload - -----------------------------------------------------------------------------------------------
[INFO ] 2023-09-12 20:43:02.437 [main] Loggerload - ===============================================================================================
[INFO ] 2023-09-12 20:43:02.437 [main] Loggerload - [] : Validate navigations and elements on student page
[INFO ] 2023-09-12 20:43:02.437 [main] Loggerload - -----------------------------------------------------------------------------------------------
[INFO ] 2023-09-12 20:43:03.899 [main] Loggerload - ===============================================================================================
[INFO ] 2023-09-12 20:43:03.899 [main] Loggerload - [] : Validate navigations and elements on student page
[INFO ] 2023-09-12 20:43:03.899 [main] Loggerload - -----------------------------------------------------------------------------------------------
[INFO ] 2023-09-12 20:43:07.059 [main] Loggerload - ===============================================================================================
[INFO ] 2023-09-12 20:43:07.060 [main] Loggerload - [] : Validate navigations and elements on student page
[INFO ] 2023-09-12 20:43:07.060 [main] Loggerload - -----------------------------------------------------------------------------------------------
[INFO ] 2023-09-12 20:43:08.281 [main] Loggerload - ===============================================================================================
[INFO ] 2023-09-12 20:43:08.281 [main] Loggerload - [] : Validate navigations and elements on student page
[INFO ] 2023-09-12 20:43:08.282 [main] Loggerload - -----------------------------------------------------------------------------------------------
[INFO ] 2023-09-12 20:43:09.594 [main] Loggerload - ===============================================================================================
[INFO ] 2023-09-12 20:43:09.594 [main] Loggerload - [] : Validate navigations and elements on student page
[INFO ] 2023-09-12 20:43:09.594 [main] Loggerload - -----------------------------------------------------------------------------------------------
[INFO ] 2023-09-12 20:43:10.967 [main] Loggerload - ===============================================================================================
[INFO ] 2023-09-12 20:43:10.967 [main] Loggerload - [] : Validate navigations and elements on student page
[INFO ] 2023-09-12 20:43:10.967 [main] Loggerload - -----------------------------------------------------------------------------------------------
[INFO ] 2023-09-12 20:43:12.312 [main] Loggerload - ===============================================================================================
[INFO ] 2023-09-12 20:43:12.313 [main] Loggerload - [] : Validate the broken link
[INFO ] 2023-09-12 20:43:12.314 [main] Loggerload - -----------------------------------------------------------------------------------------------
[INFO ] 2023-09-12 20:43:13.795 [main] Loggerload - ===============================================================================================
[INFO ] 2023-09-12 20:43:13.795 [main] Loggerload - [] : Validate first drop down label is select student name
[INFO ] 2023-09-12 20:43:13.795 [main] Loggerload - -----------------------------------------------------------------------------------------------
[INFO ] 2023-09-12 20:43:15.112 [main] Loggerload - ===============================================================================================
[INFO ] 2023-09-12 20:43:15.112 [main] Loggerload - [] : Validate second drop down label is select batch id
[INFO ] 2023-09-12 20:43:15.112 [main] Loggerload - -----------------------------------------------------------------------------------------------
[INFO ] 2023-09-12 20:43:16.459 [main] Loggerload - ===============================================================================================
[INFO ] 2023-09-12 20:43:16.460 [main] Loggerload - [] : Dropdown interactions
[INFO ] 2023-09-12 20:43:16.460 [main] Loggerload - -----------------------------------------------------------------------------------------------
[INFO ] 2023-09-12 20:43:17.823 [main] Loggerload - ===============================================================================================
[INFO ] 2023-09-12 20:43:17.823 [main] Loggerload - [] : Dropdown interactions
[INFO ] 2023-09-12 20:43:17.823 [main] Loggerload - -----------------------------------------------------------------------------------------------
[INFO ] 2023-09-12 20:43:19.145 [main] Loggerload - ===============================================================================================
[INFO ] 2023-09-12 20:43:19.145 [main] Loggerload - [] : Dropdown interactions
[INFO ] 2023-09-12 20:43:19.145 [main] Loggerload - -----------------------------------------------------------------------------------------------
[INFO ] 2023-09-12 20:43:20.395 [main] Loggerload - ===============================================================================================
[INFO ] 2023-09-12 20:43:20.395 [main] Loggerload - [] : Dropdown interactions
[INFO ] 2023-09-12 20:43:20.395 [main] Loggerload - -----------------------------------------------------------------------------------------------
[INFO ] 2023-09-12 20:43:21.682 [main] Loggerload - ===============================================================================================
[INFO ] 2023-09-12 20:43:21.683 [main] Loggerload - [] : Display student info when both student name and batch ID are selected
[INFO ] 2023-09-12 20:43:21.683 [main] Loggerload - -----------------------------------------------------------------------------------------------
[INFO ] 2023-09-12 20:43:22.951 [main] Loggerload - Closing Driver
[INFO ] 2023-09-12 22:50:59.556 [main] Loggerload - Loading Config file
[INFO ] 2023-09-12 22:50:59.558 [main] Loggerload - Get property BrowserType
[INFO ] 2023-09-12 22:50:59.558 [main] Loggerload - Initializing driver for : chrome
[INFO ] 2023-09-12 22:50:59.612 [main] Loggerload - ===============================================================================================
[INFO ] 2023-09-12 22:50:59.613 [main] Loggerload - [] : Validate row level delete icon prompts a confirmation alert
[INFO ] 2023-09-12 22:50:59.613 [main] Loggerload - -----------------------------------------------------------------------------------------------
[INFO ] 2023-09-12 22:51:01.213 [main] Loggerload - ===============================================================================================
[INFO ] 2023-09-12 22:51:01.213 [main] Loggerload - [] : Validate user deletion after confirming from the alert
[INFO ] 2023-09-12 22:51:01.213 [main] Loggerload - -----------------------------------------------------------------------------------------------
[INFO ] 2023-09-12 22:51:02.368 [main] Loggerload - ===============================================================================================
[INFO ] 2023-09-12 22:51:02.368 [main] Loggerload - [] : Validate user is not deleted when declining from the alert
[INFO ] 2023-09-12 22:51:02.368 [main] Loggerload - -----------------------------------------------------------------------------------------------
[INFO ] 2023-09-12 22:51:03.444 [main] Loggerload - Closing Driver
[INFO ] 2023-09-12 22:51:25.417 [main] Loggerload - Loading Config file
[INFO ] 2023-09-12 22:51:25.419 [main] Loggerload - Get property BrowserType
[INFO ] 2023-09-12 22:51:25.419 [main] Loggerload - Initializing driver for : chrome
[INFO ] 2023-09-12 22:51:25.472 [main] Loggerload - ===============================================================================================
[INFO ] 2023-09-12 22:51:25.474 [main] Loggerload - [] : Validate landing in User page
[INFO ] 2023-09-12 22:51:25.474 [main] Loggerload - -----------------------------------------------------------------------------------------------
[INFO ] 2023-09-12 22:51:26.998 [main] Loggerload - ===============================================================================================
[INFO ] 2023-09-12 22:51:26.998 [main] Loggerload - [] : Validate header in the User Page
[INFO ] 2023-09-12 22:51:26.998 [main] Loggerload - -----------------------------------------------------------------------------------------------
[INFO ] 2023-09-12 22:51:28.069 [main] Loggerload - ===============================================================================================
[INFO ] 2023-09-12 22:51:28.069 [main] Loggerload - [] : Validate pagination in the User Page
[INFO ] 2023-09-12 22:51:28.069 [main] Loggerload - -----------------------------------------------------------------------------------------------
[INFO ] 2023-09-12 22:51:29.194 [main] Loggerload - ===============================================================================================
[INFO ] 2023-09-12 22:51:29.195 [main] Loggerload - [] : Validate data table headers in the User Page
[INFO ] 2023-09-12 22:51:29.195 [main] Loggerload - -----------------------------------------------------------------------------------------------
[INFO ] 2023-09-12 22:51:30.257 [main] Loggerload - ===============================================================================================
[INFO ] 2023-09-12 22:51:30.258 [main] Loggerload - [] : Validate Delete button in User Page
[INFO ] 2023-09-12 22:51:30.258 [main] Loggerload - -----------------------------------------------------------------------------------------------
[INFO ] 2023-09-12 22:51:31.425 [main] Loggerload - ===============================================================================================
[INFO ] 2023-09-12 22:51:31.426 [main] Loggerload - [] : Validate "+ A New user" button in User Page
[INFO ] 2023-09-12 22:51:31.426 [main] Loggerload - -----------------------------------------------------------------------------------------------
[INFO ] 2023-09-12 22:51:32.555 [main] Loggerload - ===============================================================================================
[INFO ] 2023-09-12 22:51:32.556 [main] Loggerload - [] : Validate "+ Assign staff" button in User page
[INFO ] 2023-09-12 22:51:32.556 [main] Loggerload - -----------------------------------------------------------------------------------------------
[INFO ] 2023-09-12 22:51:33.674 [main] Loggerload - ===============================================================================================
[INFO ] 2023-09-12 22:51:33.674 [main] Loggerload - [] : Validate search box in User page
[INFO ] 2023-09-12 22:51:33.674 [main] Loggerload - -----------------------------------------------------------------------------------------------
[INFO ] 2023-09-12 22:51:34.770 [main] Loggerload - ===============================================================================================
[INFO ] 2023-09-12 22:51:34.770 [main] Loggerload - [] : Validate checkboxes in data rows
[INFO ] 2023-09-12 22:51:34.770 [main] Loggerload - -----------------------------------------------------------------------------------------------
[INFO ] 2023-09-12 22:51:35.829 [main] Loggerload - ===============================================================================================
[INFO ] 2023-09-12 22:51:35.829 [main] Loggerload - [] : Validate edit icons in data rows
[INFO ] 2023-09-12 22:51:35.829 [main] Loggerload - -----------------------------------------------------------------------------------------------
[INFO ] 2023-09-12 22:51:36.864 [main] Loggerload - ===============================================================================================
[INFO ] 2023-09-12 22:51:36.865 [main] Loggerload - [] : Validate delete icons in data rows
[INFO ] 2023-09-12 22:51:36.865 [main] Loggerload - -----------------------------------------------------------------------------------------------
[INFO ] 2023-09-12 22:51:37.888 [main] Loggerload - ===============================================================================================
[INFO ] 2023-09-12 22:51:37.888 [main] Loggerload - [] : Validate pop up for adding a user
[INFO ] 2023-09-12 22:51:37.889 [main] Loggerload - -----------------------------------------------------------------------------------------------
[INFO ] 2023-09-12 22:51:38.987 [main] Loggerload - Closing Driver
[INFO ] 2023-09-13 18:17:37.611 [main] Loggerload - Loading Config file
[INFO ] 2023-09-13 18:17:37.613 [main] Loggerload - Get property BrowserType
[INFO ] 2023-09-13 18:17:37.613 [main] Loggerload - Initializing driver for : chrome
[INFO ] 2023-09-13 18:17:37.669 [main] Loggerload - ===============================================================================================
[INFO ] 2023-09-13 18:17:37.670 [main] Loggerload - [] : Check if the required fields exist in the popup
[INFO ] 2023-09-13 18:17:37.670 [main] Loggerload - -----------------------------------------------------------------------------------------------
[INFO ] 2023-09-13 18:17:39.731 [main] Loggerload - ===============================================================================================
[INFO ] 2023-09-13 18:17:39.731 [main] Loggerload - [] : Validate optional fields in the user popup
[INFO ] 2023-09-13 18:17:39.732 [main] Loggerload - -----------------------------------------------------------------------------------------------
[INFO ] 2023-09-13 18:17:40.904 [main] Loggerload - ===============================================================================================
[INFO ] 2023-09-13 18:17:40.904 [main] Loggerload - [] : Ensure program details are added to the data table
[INFO ] 2023-09-13 18:17:40.904 [main] Loggerload - -----------------------------------------------------------------------------------------------
[INFO ] 2023-09-13 18:17:42.130 [main] Loggerload - ===============================================================================================
[INFO ] 2023-09-13 18:17:42.130 [main] Loggerload - [] : Check for error messages when providing invalid field values
[INFO ] 2023-09-13 18:17:42.130 [main] Loggerload - -----------------------------------------------------------------------------------------------
[INFO ] 2023-09-13 18:17:43.309 [main] Loggerload - ===============================================================================================
[INFO ] 2023-09-13 18:17:43.309 [main] Loggerload - [] : Validate error messages for unfilled mandatory fields
[INFO ] 2023-09-13 18:17:43.310 [main] Loggerload - -----------------------------------------------------------------------------------------------
[INFO ] 2023-09-13 18:17:44.429 [main] Loggerload - Closing Driver
[INFO ] 2023-09-13 18:18:12.892 [main] Loggerload - Loading Config file
[INFO ] 2023-09-13 18:18:12.894 [main] Loggerload - Get property BrowserType
[INFO ] 2023-09-13 18:18:12.894 [main] Loggerload - Initializing driver for : chrome
[INFO ] 2023-09-13 18:18:12.947 [main] Loggerload - ===============================================================================================
[INFO ] 2023-09-13 18:18:12.948 [main] Loggerload - [] : Validate row level edit icon functionality
[INFO ] 2023-09-13 18:18:12.948 [main] Loggerload - -----------------------------------------------------------------------------------------------
[INFO ] 2023-09-13 18:18:14.614 [main] Loggerload - ===============================================================================================
[INFO ] 2023-09-13 18:18:14.614 [main] Loggerload - [] : Verify fields update successfully
[INFO ] 2023-09-13 18:18:14.615 [main] Loggerload - -----------------------------------------------------------------------------------------------
[INFO ] 2023-09-13 18:18:15.798 [main] Loggerload - ===============================================================================================
[INFO ] 2023-09-13 18:18:15.798 [main] Loggerload - [] : Ensure error messages appear for invalid field updates
[INFO ] 2023-09-13 18:18:15.798 [main] Loggerload - -----------------------------------------------------------------------------------------------
[INFO ] 2023-09-13 18:18:16.925 [main] Loggerload - ===============================================================================================
[INFO ] 2023-09-13 18:18:16.925 [main] Loggerload - [] : Confirm error message appearance when mandatory fields are emptied
[INFO ] 2023-09-13 18:18:16.925 [main] Loggerload - -----------------------------------------------------------------------------------------------
[INFO ] 2023-09-13 18:18:18.071 [main] Loggerload - ===============================================================================================
[INFO ] 2023-09-13 18:18:18.071 [main] Loggerload - [] : Verify that the description field is optional during update
[INFO ] 2023-09-13 18:18:18.071 [main] Loggerload - -----------------------------------------------------------------------------------------------
[INFO ] 2023-09-13 18:18:19.253 [main] Loggerload - Closing Driver
